20240704 12:04:12.137 [restartedMain] INFO  c.d.d.DemoApplication - Starting DemoApplication using Java 11.0.21 on Taris-MacBook-Air.local with PID 29258 (/Users/tari/dev/workspace/demo-springboot/bin/main started by tari in /Users/tari/dev/workspace/demo-springboot) 
20240704 12:04:12.137 [restartedMain] DEBUG c.d.d.DemoApplication - Running with Spring Boot v2.7.17, Spring v5.3.30 
20240704 12:04:12.138 [restartedMain] INFO  c.d.d.DemoApplication - The following 1 profile is active: "dev" 
20240704 12:04:12.163 [restartedMain] INFO  o.s.b.d.e.DevToolsPropertyDefaultsPostProcessor - Devtools property defaults active! Set 'spring.devtools.add-properties' to 'false' to disable 
20240704 12:04:12.163 [restartedMain] INFO  o.s.b.d.e.DevToolsPropertyDefaultsPostProcessor - For additional web related logging consider setting the 'logging.level.web' property to 'DEBUG' 
20240704 12:04:12.632 [restartedMain] INFO  o.s.b.w.e.t.TomcatWebServer - Tomcat initialized with port(s): 9091 (http) 
20240704 12:04:12.639 [restartedMain] INFO  o.a.c.h.Http11NioProtocol - Initializing ProtocolHandler ["http-nio-9091"] 
20240704 12:04:12.640 [restartedMain] INFO  o.a.c.c.StandardService - Starting service [Tomcat] 
20240704 12:04:12.640 [restartedMain] INFO  o.a.c.c.StandardEngine - Starting Servlet engine: [Apache Tomcat/9.0.82] 
20240704 12:04:12.675 [restartedMain] INFO  o.a.c.c.C.[.[.[/] - Initializing Spring embedded WebApplicationContext 
20240704 12:04:12.675 [restartedMain] INFO  o.s.b.w.s.c.ServletWebServerApplicationContext - Root WebApplicationContext: initialization completed in 512 ms 
20240704 12:04:12.854 [restartedMain] INFO  o.s.b.d.a.OptionalLiveReloadServer - LiveReload server is running on port 35729 
20240704 12:04:12.862 [restartedMain] INFO  o.a.c.h.Http11NioProtocol - Starting ProtocolHandler ["http-nio-9091"] 
20240704 12:04:12.872 [restartedMain] INFO  o.s.b.w.e.t.TomcatWebServer - Tomcat started on port(s): 9091 (http) with context path '' 
20240704 12:04:12.880 [restartedMain] INFO  c.d.d.DemoApplication - Started DemoApplication in 0.977 seconds (JVM running for 1.339) 
20240704 12:04:51.597 [File Watcher] INFO  o.s.b.d.a.LocalDevToolsAutoConfiguration$RestartingClassPathChangeChangedEventListener - Restarting due to 1 class path change (0 additions, 0 deletions, 1 modification) 
20240704 12:04:51.604 [Thread-5] INFO  o.a.c.h.Http11NioProtocol - Pausing ProtocolHandler ["http-nio-9091"] 
20240704 12:04:51.604 [Thread-5] INFO  o.a.c.c.StandardService - Stopping service [Tomcat] 
20240704 12:04:51.610 [Thread-5] INFO  o.a.c.h.Http11NioProtocol - Stopping ProtocolHandler ["http-nio-9091"] 
20240704 12:04:51.613 [Thread-5] INFO  o.a.c.h.Http11NioProtocol - Destroying ProtocolHandler ["http-nio-9091"] 
